[debug] [2019-08-15T10:34:11.227Z] ----------------------------------------------------------------------
[debug] [2019-08-15T10:34:11.231Z] Command:       C:\Program Files\nodejs\node.exe C:\Users\Kyeongho\AppData\Roaming\npm\node_modules\firebase-tools\lib\bin\firebase.js serve --only functions,hosting
[debug] [2019-08-15T10:34:11.232Z] CLI Version:   7.2.2
[debug] [2019-08-15T10:34:11.232Z] Platform:      win32
[debug] [2019-08-15T10:34:11.232Z] Node Version:  v10.15.3
[debug] [2019-08-15T10:34:11.234Z] Time:          Thu Aug 15 2019 18:34:11 GMT+0800 (GMT+08:00)
[debug] [2019-08-15T10:34:11.234Z] ----------------------------------------------------------------------
[debug] 
[debug] [2019-08-15T10:34:11.249Z] > command requires scopes: ["email","openid","https://www.googleapis.com/auth/cloudplatformprojects.readonly","https://www.googleapis.com/auth/firebase","https://www.googleapis.com/auth/cloud-platform"]
[debug] [2019-08-15T10:34:11.250Z] > authorizing via signed-in user
[debug] [2019-08-15T10:34:11.250Z] [iam] checking project weusthemtest for permissions ["firebase.projects.get"]
[debug] [2019-08-15T10:34:11.252Z] > refreshing access token with scopes: ["email","https://www.googleapis.com/auth/cloud-platform","https://www.googleapis.com/auth/cloudplatformprojects.readonly","https://www.googleapis.com/auth/firebase","openid"]
[debug] [2019-08-15T10:34:11.252Z] >>> HTTP REQUEST POST https://www.googleapis.com/oauth2/v3/token  
 <request body omitted>
[debug] [2019-08-15T10:34:12.283Z] <<< HTTP RESPONSE 200
[debug] [2019-08-15T10:34:12.296Z] >>> HTTP REQUEST POST https://cloudresourcemanager.googleapis.com/v1/projects/weusthemtest:testIamPermissions  

[debug] [2019-08-15T10:34:13.779Z] <<< HTTP RESPONSE 200
[debug] [2019-08-15T10:34:13.780Z] >>> HTTP REQUEST GET https://firebase.googleapis.com/v1beta1/projects/weusthemtest  
 
[debug] [2019-08-15T10:34:14.905Z] <<< HTTP RESPONSE 200
[debug] [2019-08-15T10:34:14.910Z] >>> HTTP REQUEST GET https://firebase.googleapis.com/v1beta1/projects/weusthemtest/webApps/-/config  
 
[warn] !  Your requested "node" version "8" doesn't match your global version "10"
[debug] [2019-08-15T10:34:15.493Z] >>> HTTP REQUEST GET https://firebase.googleapis.com/v1beta1/projects/weusthemtest/adminSdkConfig  
 
[debug] [2019-08-15T10:34:16.416Z] <<< HTTP RESPONSE 200
[debug] [2019-08-15T10:34:16.569Z] <<< HTTP RESPONSE 200
[info] i  hosting: Serving hosting files from: dist/weusthem-test
[info] +  hosting: Local server: http://localhost:5000
[info] +  functions: Emulator started at http://localhost:5001
[info] i  functions: Watching "C:\Users\Kyeongho\Desktop\weusthem-test\functions" for Cloud Functions...
[debug] [2019-08-15T10:34:17.315Z] [runtime-status] Functions runtime initialized. {"cwd":"C:\\Users\\Kyeongho\\Desktop\\weusthem-test\\functions","node_version":"10.15.3"}
[debug] [2019-08-15T10:34:17.316Z] [runtime-status] Disabled runtime features: {"functions_config_helper":true,"network_filtering":true,"timeout":true,"memory_limiting":true,"admin_stubs":true} {}
[debug] [2019-08-15T10:34:17.320Z] [runtime-status] Resolved module firebase-admin {"declared":true,"installed":true,"version":"8.3.0","resolution":"C:\\Users\\Kyeongho\\Desktop\\weusthem-test\\functions\\node_modules\\firebase-admin\\lib\\index.js"}
[debug] [2019-08-15T10:34:17.323Z] [runtime-status] Resolved module firebase-functions {"declared":true,"installed":true,"version":"3.2.0","resolution":"C:\\Users\\Kyeongho\\Desktop\\weusthem-test\\functions\\node_modules\\firebase-functions\\lib\\index.js"}
[debug] [2019-08-15T10:34:17.324Z] [runtime-status] Resolved module firebase-functions {"declared":true,"installed":true,"version":"3.2.0","resolution":"C:\\Users\\Kyeongho\\Desktop\\weusthem-test\\functions\\node_modules\\firebase-functions\\lib\\index.js"}
[info] +  functions[app]: http function initialized (http://localhost:5001/weusthemtest/us-central1/app).
[debug] [2019-08-15T10:58:18.173Z] File C:\Users\Kyeongho\Desktop\weusthem-test\functions\db\index.js changed, reloading triggers
[debug] [2019-08-15T10:58:19.877Z] [runtime-status] Functions runtime initialized. {"cwd":"C:\\Users\\Kyeongho\\Desktop\\weusthem-test\\functions","node_version":"10.15.3"}
[debug] [2019-08-15T10:58:19.877Z] [runtime-status] Disabled runtime features: {"functions_config_helper":true,"network_filtering":true,"timeout":true,"memory_limiting":true,"admin_stubs":true} {}
[debug] [2019-08-15T10:58:19.882Z] [runtime-status] Resolved module firebase-admin {"declared":true,"installed":true,"version":"8.3.0","resolution":"C:\\Users\\Kyeongho\\Desktop\\weusthem-test\\functions\\node_modules\\firebase-admin\\lib\\index.js"}
[debug] [2019-08-15T10:58:19.885Z] [runtime-status] Resolved module firebase-functions {"declared":true,"installed":true,"version":"3.2.0","resolution":"C:\\Users\\Kyeongho\\Desktop\\weusthem-test\\functions\\node_modules\\firebase-functions\\lib\\index.js"}
[debug] [2019-08-15T10:58:19.886Z] [runtime-status] Resolved module firebase-functions {"declared":true,"installed":true,"version":"3.2.0","resolution":"C:\\Users\\Kyeongho\\Desktop\\weusthem-test\\functions\\node_modules\\firebase-functions\\lib\\index.js"}
